<?xml version="1.0" encoding="UTF-8"?>
<!-- Generated by org.testng.reporters.JUnitReportReporter -->
<testsuite hostname="SAI" failures="0" tests="3" name="tests.HomePageTests" time="36.853" errors="0" timestamp="2025-09-01T16:49:50 IST" skipped="0">
  <testcase classname="tests.HomePageTests" name="testMultipleFileUpload" time="14.357"/>
  <testcase classname="tests.HomePageTests" name="testSingleFileUpload" time="11.910"/>
  <testcase classname="tests.HomePageTests" name="testFormSelectionsAndFileUpload" time="10.586"/>
</testsuite> <!-- tests.HomePageTests -->
