<?xml version="1.0" encoding="UTF-8"?>
<!-- Generated by org.testng.reporters.JUnitReportReporter -->
<testsuite hostname="SAI" failures="0" tests="4" name="com.example.app.CalculatorTest" time="0.010" errors="0" timestamp="2025-08-18T12:56:42 IST" skipped="0">
  <testcase classname="com.example.app.CalculatorTest" name="testDivide" time="0.006"/>
  <testcase classname="com.example.app.CalculatorTest" name="testMultiply" time="0.002"/>
  <testcase classname="com.example.app.CalculatorTest" name="testSubtract" time="0.001"/>
  <testcase classname="com.example.app.CalculatorTest" name="testAdd" time="0.001"/>
</testsuite> <!-- com.example.app.CalculatorTest -->
