<?xml version="1.0" encoding="UTF-8"?>
<!-- Generated by org.testng.reporters.JUnitReportReporter -->
<testsuite hostname="SAI" failures="0" tests="2" name="com.myapp.OrangeHRMLoginTest" time="22.402" errors="0" timestamp="2025-09-01T14:39:41 IST" skipped="0">
  <testcase classname="com.myapp.OrangeHRMLoginTest" name="testValidLogin" time="14.431"/>
  <testcase classname="com.myapp.OrangeHRMLoginTest" name="testInvalidLogin" time="7.971"/>
</testsuite> <!-- com.myapp.OrangeHRMLoginTest -->
