<?xml version="1.0" encoding="UTF-8"?>
<!-- Generated by org.testng.reporters.JUnitReportReporter -->
<testsuite hostname="SAI" failures="0" tests="3" name="com.example.DependencyTestExample" time="0.095" errors="0" timestamp="2025-08-20T16:09:54 IST" skipped="0">
  <testcase classname="com.example.DependencyTestExample" name="performLogin" time="0.003"/>
  <testcase classname="com.example.DependencyTestExample" name="launchWebsite" time="0.090"/>
  <testcase classname="com.example.DependencyTestExample" name="verifyDashboard" time="0.002"/>
</testsuite> <!-- com.example.DependencyTestExample -->
