<?xml version="1.0" encoding="UTF-8"?>
<!-- Generated by org.testng.reporters.JUnitReportReporter -->
<testsuite hostname="SAI" failures="0" tests="1" name="com.example.GoogleTestWithReport" time="0.709" errors="0" timestamp="2025-08-20T15:28:41 IST" skipped="0">
  <testcase classname="com.example.GoogleTestWithReport" name="openGoogle" time="0.709"/>
</testsuite> <!-- com.example.GoogleTestWithReport -->
